Using pre-set license
Built from '2020.3/china_unity/release' branch; Version is '2020.3.14f1c1 (ed787cdc2846) revision 15562876'; Using compiler version '192528614'; Build Type 'Release'
OS: 'Windows 10 Home China; OS build 19044.1645; Version 2009; 64bit' Language: 'zh' Physical Memory: 16217 MB
BatchMode: 1, IsHumanControllingUs: 0, StartBugReporterOnCrash: 0, Is64bit: 1, IsPro: 0

 COMMAND LINE ARGUMENTS:
D:\unity hub\2020.3.14f1c1\Editor\Unity.exe
-adb2
-batchMode
-noUpm
-name
AssetImportWorker0
-projectPath
D:/unity/game/game
-logFile
Logs/AssetImportWorker0.log
-srvPort
61544
Successfully changed project path to: D:/unity/game/game
D:/unity/game/game
Using Asset Import Pipeline V2.
Refreshing native plugins compatible for Editor in 72.09 ms, found 3 plugins.
Preloading 0 native plugins for Editor in 0.00 ms.
Initialize engine version: 2020.3.14f1c1 (ed787cdc2846)
[Subsystems] Discovering subsystems at path D:/unity hub/2020.3.14f1c1/Editor/Data/Resources/UnitySubsystems
[Subsystems] Discovering subsystems at path D:/unity/game/game/Assets
GfxDevice: creating device client; threaded=0
Direct3D:
    Version:  Direct3D 11.0 [level 11.1]
    Renderer: NVIDIA GeForce MX250 (ID=0x1d13)
    Vendor:   
    VRAM:     1983 MB
    Driver:   26.21.14.4112
Initialize mono
Mono path[0] = 'D:/unity hub/2020.3.14f1c1/Editor/Data/Managed'
Mono path[1] = 'D:/unity hub/2020.3.14f1c1/Editor/Data/MonoBleedingEdge/lib/mono/unityjit'
Mono config path = 'D:/unity hub/2020.3.14f1c1/Editor/Data/MonoBleedingEdge/etc'
Using monoOptions --debugger-agent=transport=dt_socket,embedding=1,server=y,suspend=n,address=127.0.0.1:56136
Begin MonoManager ReloadAssembly
Registering precompiled unity dll's ...
Register platform support module: D:/unity hub/2020.3.14f1c1/Editor/Data/PlaybackEngines/WindowsStandaloneSupport/UnityEditor.WindowsStandalone.Extensions.dll
Registered in 0.003884 seconds.
Native extension for WindowsStandalone target not found
Refreshing native plugins compatible for Editor in 46.80 ms, found 3 plugins.
Preloading 0 native plugins for Editor in 0.00 ms.
Mono: successfully reloaded assembly
- Completed reload, in  1.512 seconds
Domain Reload Profiling:
	ReloadAssembly (1513ms)
		BeginReloadAssembly (89ms)
			ExecutionOrderSort (0ms)
			DisableScriptedObjects (0ms)
			BackupInstance (0ms)
			ReleaseScriptingObjects (0ms)
			CreateAndSetChildDomain (1ms)
		EndReloadAssembly (589ms)
			LoadAssemblies (84ms)
			RebuildTransferFunctionScriptingTraits (0ms)
			SetupTypeCache (255ms)
			ReleaseScriptCaches (0ms)
			RebuildScriptCaches (37ms)
			SetupLoadedEditorAssemblies (198ms)
				LogAssemblyErrors (0ms)
				InitializePlatformSupportModulesInManaged (4ms)
				SetLoadedEditorAssemblies (0ms)
				RefreshPlugins (47ms)
				BeforeProcessingInitializeOnLoad (17ms)
				ProcessInitializeOnLoadAttributes (97ms)
				ProcessInitializeOnLoadMethodAttributes (32ms)
				AfterProcessingInitializeOnLoad (0ms)
				EditorAssembliesLoaded (0ms)
			ExecutionOrderSort2 (0ms)
			AwakeInstancesAfterBackupRestoration (0ms)
Platform modules already initialized, skipping
Registering precompiled user dll's ...
Registered in 0.006610 seconds.
Begin MonoManager ReloadAssembly
Native extension for WindowsStandalone target not found
Refreshing native plugins compatible for Editor in 61.66 ms, found 3 plugins.
Preloading 0 native plugins for Editor in 0.00 ms.
Mono: successfully reloaded assembly
- Completed reload, in  2.412 seconds
Domain Reload Profiling:
	ReloadAssembly (2414ms)
		BeginReloadAssembly (319ms)
			ExecutionOrderSort (0ms)
			DisableScriptedObjects (7ms)
			BackupInstance (0ms)
			ReleaseScriptingObjects (0ms)
			CreateAndSetChildDomain (38ms)
		EndReloadAssembly (1922ms)
			LoadAssemblies (246ms)
			RebuildTransferFunctionScriptingTraits (0ms)
			SetupTypeCache (594ms)
			ReleaseScriptCaches (1ms)
			RebuildScriptCaches (127ms)
			SetupLoadedEditorAssemblies (695ms)
				LogAssemblyErrors (0ms)
				InitializePlatformSupportModulesInManaged (14ms)
				SetLoadedEditorAssemblies (1ms)
				RefreshPlugins (62ms)
				BeforeProcessingInitializeOnLoad (188ms)
				ProcessInitializeOnLoadAttributes (397ms)
				ProcessInitializeOnLoadMethodAttributes (18ms)
				AfterProcessingInitializeOnLoad (15ms)
				EditorAssembliesLoaded (0ms)
			ExecutionOrderSort2 (0ms)
			AwakeInstancesAfterBackupRestoration (16ms)
Platform modules already initialized, skipping
========================================================================
Worker process is ready to serve import requests
Launched and connected shader compiler UnityShaderCompiler.exe after 0.07 seconds
Refreshing native plugins compatible for Editor in 0.53 ms, found 3 plugins.
Preloading 0 native plugins for Editor in 0.00 ms.
Unloading 2084 Unused Serialized files (Serialized files now loaded: 0)
System memory in use before: 95.3 MB.
System memory in use after: 95.4 MB.

Unloading 28 unused Assets to reduce memory usage. Loaded Objects now: 2522.
Total: 2.863900 ms (FindLiveObjects: 0.212200 ms CreateObjectMapping: 0.092200 ms MarkObjects: 2.481200 ms  DeleteObjects: 0.077100 ms)

AssetImportParameters requested are different than current active one (requested -> active):
  custom:framework-win-MediaFoundation: 216162199b28c13a410421893ffa2e32 -> 
  custom:video-decoder-ogg-theora: a1e56fd34408186e4bbccfd4996cb3dc -> 
  custom:container-muxer-webm: aa71ff27fc2769a1b78a27578f13a17b -> 
  custom:container-demuxer-webm: 4f35f7cbe854078d1ac9338744f61a02 -> 
  custom:container-demuxer-ogg: 62fdf1f143b41e24485cea50d1cbac27 -> 
  custom:video-encoder-webm-vp8: eb34c28f22e8b96e1ab97ce403110664 -> 
  custom:video-codec-MediaFoundation-h265: 746d11721c4dcdbdad8f713fa42b33f4 -> 
  custom:video-decoder-webm-vp8: 9c59270c3fd7afecdb556c50c9e8de78 -> 
  custom:audio-decoder-ogg-vorbis: bf7c407c2cedff20999df2af8eb42d56 -> 
  custom:audio-encoder-webm-vorbis: bf7c407c2cedff20999df2af8eb42d56 -> 
========================================================================
Received Import Request.
  path: Assets/Sprites/Sprites/_Environment/env_Gherkin.png
  artifactKey: Guid(135e99cc08e35e342b278d57a3dc3d65) Importer(815301076,1909f56bfc062723c751e8b465ee728b)
Start importing Assets/Sprites/Sprites/_Environment/env_Gherkin.png using Guid(135e99cc08e35e342b278d57a3dc3d65) Importer(815301076,1909f56bfc062723c751e8b465ee728b)  -> (artifact id: '848a59b8d4be36bd1f86a40600df4565') in 0.125358 seconds 
  Import took 0.131125 seconds .

========================================================================
Received Import Request.
  Time since last request: 0.000425 seconds.
  path: Assets/Sprites/Sprites/_Environment/env_PlatformBridge.png
  artifactKey: Guid(25daf9c770bbd8445a98d957bb751218) Importer(815301076,1909f56bfc062723c751e8b465ee728b)
Start importing Assets/Sprites/Sprites/_Environment/env_PlatformBridge.png using Guid(25daf9c770bbd8445a98d957bb751218) Importer(815301076,1909f56bfc062723c751e8b465ee728b)  -> (artifact id: '9fc9f26c0ce4323006e76745c2869833') in 0.029702 seconds 
  Import took 0.034842 seconds .

========================================================================
Received Import Request.
  Time since last request: 0.000286 seconds.
  path: Assets/Sprites/Sprites/_Environment/env_RiverTop.png
  artifactKey: Guid(40d8c4342ebdde34aaea64e52120537a) Importer(815301076,1909f56bfc062723c751e8b465ee728b)
Start importing Assets/Sprites/Sprites/_Environment/env_RiverTop.png using Guid(40d8c4342ebdde34aaea64e52120537a) Importer(815301076,1909f56bfc062723c751e8b465ee728b)  -> (artifact id: 'df7822d2d25243552be90c93675b0f96') in 0.019956 seconds 
  Import took 0.023835 seconds .

========================================================================
Received Import Request.
  Time since last request: 0.000280 seconds.
  path: Assets/Sprites/Sprites/_Environment/env_cloudTop.png
  artifactKey: Guid(127ffabe10fef814faeea44fc11d33d4) Importer(815301076,1909f56bfc062723c751e8b465ee728b)
Start importing Assets/Sprites/Sprites/_Environment/env_cloudTop.png using Guid(127ffabe10fef814faeea44fc11d33d4) Importer(815301076,1909f56bfc062723c751e8b465ee728b)  -> (artifact id: '8575318fd25ff21bfd7602672d7daf6c') in 0.018285 seconds 
  Import took 0.021614 seconds .

========================================================================
Received Import Request.
  Time since last request: 0.000319 seconds.
  path: Assets/Sprites
  artifactKey: Guid(58c196b711ec43541b96d1ca0698409f) Importer(815301076,1909f56bfc062723c751e8b465ee728b)
Start importing Assets/Sprites using Guid(58c196b711ec43541b96d1ca0698409f) Importer(815301076,1909f56bfc062723c751e8b465ee728b)  -> (artifact id: '3f2891fd214e331f66ea6c0e9fcfa9f1') in 0.004028 seconds 
  Import took 0.007374 seconds .

========================================================================
Received Import Request.
  Time since last request: 0.000234 seconds.
  path: Assets/Sprites/Sprites/_Environment/env_bg.png
  artifactKey: Guid(7222caa0dae5a86468d35bbad5962260) Importer(815301076,1909f56bfc062723c751e8b465ee728b)
Start importing Assets/Sprites/Sprites/_Environment/env_bg.png using Guid(7222caa0dae5a86468d35bbad5962260) Importer(815301076,1909f56bfc062723c751e8b465ee728b)  -> (artifact id: '58908ecf850d4ddfee19f900d528db08') in 0.020647 seconds 
  Import took 0.024205 seconds .

========================================================================
Received Import Request.
  Time since last request: 0.000266 seconds.
  path: Assets/Sprites/Sprites/_Environment/env_Fog.png
  artifactKey: Guid(2683292898441134d9de5ca2bd4965c3) Importer(815301076,1909f56bfc062723c751e8b465ee728b)
Start importing Assets/Sprites/Sprites/_Environment/env_Fog.png using Guid(2683292898441134d9de5ca2bd4965c3) Importer(815301076,1909f56bfc062723c751e8b465ee728b)  -> (artifact id: '1fcb4c525fa3b18149e71894ce8bd39a') in 0.020155 seconds 
  Import took 0.023899 seconds .

========================================================================
Received Import Request.
  Time since last request: 0.000220 seconds.
  path: Assets/Sprites/Sprites/_Environment/env_RiverBase.png
  artifactKey: Guid(a4e597dc697b84046a8f762ffcdd5508) Importer(815301076,1909f56bfc062723c751e8b465ee728b)
Start importing Assets/Sprites/Sprites/_Environment/env_RiverBase.png using Guid(a4e597dc697b84046a8f762ffcdd5508) Importer(815301076,1909f56bfc062723c751e8b465ee728b)  -> (artifact id: '423b9979b0f21170cd9d2716ca46b2e9') in 0.021631 seconds 
  Import took 0.024881 seconds .

========================================================================
Received Import Request.
  Time since last request: 0.000271 seconds.
  path: Assets/Sprites/Sprites/_Environment/env_RiverMid.png
  artifactKey: Guid(ae530c051d452ec4cb3ddb4875b58b50) Importer(815301076,1909f56bfc062723c751e8b465ee728b)
Start importing Assets/Sprites/Sprites/_Environment/env_RiverMid.png using Guid(ae530c051d452ec4cb3ddb4875b58b50) Importer(815301076,1909f56bfc062723c751e8b465ee728b)  -> (artifact id: '6475a16e102caf1cad5f292d85911853') in 0.015415 seconds 
  Import took 0.018551 seconds .

========================================================================
Received Import Request.
  Time since last request: 0.000303 seconds.
  path: Assets/Sprites/Sprites/_Environment/env_TowerFull.png
  artifactKey: Guid(1a84007122a53b041b6eec70c2c3f9c0) Importer(815301076,1909f56bfc062723c751e8b465ee728b)
Start importing Assets/Sprites/Sprites/_Environment/env_TowerFull.png using Guid(1a84007122a53b041b6eec70c2c3f9c0) Importer(815301076,1909f56bfc062723c751e8b465ee728b)  -> (artifact id: '7cdc73851f55f785b3031fd9d2b00c54') in 0.015071 seconds 
  Import took 0.018621 seconds .

========================================================================
Received Import Request.
  Time since last request: 0.000345 seconds.
  path: Assets/Sprites/Sprites/_Environment/env_PlatformTop.png
  artifactKey: Guid(b0bbf8248d3a1be488fd0203f6aee7c0) Importer(815301076,1909f56bfc062723c751e8b465ee728b)
Start importing Assets/Sprites/Sprites/_Environment/env_PlatformTop.png using Guid(b0bbf8248d3a1be488fd0203f6aee7c0) Importer(815301076,1909f56bfc062723c751e8b465ee728b)  -> (artifact id: '1b8236b3c926cc61230cdc8c6116e0fb') in 0.014719 seconds 
  Import took 0.018169 seconds .

========================================================================
Received Import Request.
  Time since last request: 0.000308 seconds.
  path: Assets/Sprites/Sprites/_Environment/env_PlatformUfo.png
  artifactKey: Guid(a9c127fa6b7ae5946a301e926867b550) Importer(815301076,1909f56bfc062723c751e8b465ee728b)
Start importing Assets/Sprites/Sprites/_Environment/env_PlatformUfo.png using Guid(a9c127fa6b7ae5946a301e926867b550) Importer(815301076,1909f56bfc062723c751e8b465ee728b)  -> (artifact id: '66841a638f524a8e36d2585b773ce7c7') in 0.014801 seconds 
  Import took 0.018116 seconds .

========================================================================
Received Import Request.
  Time since last request: 0.000308 seconds.
  path: Assets/Sprites/Sprites/_Environment/env_Clouds.png
  artifactKey: Guid(9a2e8fe6f6c4af44f8ac0704e6a7f803) Importer(815301076,1909f56bfc062723c751e8b465ee728b)
Start importing Assets/Sprites/Sprites/_Environment/env_Clouds.png using Guid(9a2e8fe6f6c4af44f8ac0704e6a7f803) Importer(815301076,1909f56bfc062723c751e8b465ee728b)  -> (artifact id: '70ec6f51c21cade4bd8005b1ec05368a') in 0.014264 seconds 
  Import took 0.017745 seconds .

========================================================================
Received Import Request.
  Time since last request: 0.000279 seconds.
  path: Assets/Sprites/Sprites/_Environment
  artifactKey: Guid(68daf3d8382994c4fb7a7090bc393761) Importer(815301076,1909f56bfc062723c751e8b465ee728b)
Start importing Assets/Sprites/Sprites/_Environment using Guid(68daf3d8382994c4fb7a7090bc393761) Importer(815301076,1909f56bfc062723c751e8b465ee728b)  -> (artifact id: 'fe3f5268f3fae8679b691ee067bd5222') in 0.003989 seconds 
  Import took 0.007695 seconds .

========================================================================
Received Import Request.
  Time since last request: 0.000298 seconds.
  path: Assets/Sprites/Sprites
  artifactKey: Guid(5be427734f3b24645a033d1e63f1b439) Importer(815301076,1909f56bfc062723c751e8b465ee728b)
Start importing Assets/Sprites/Sprites using Guid(5be427734f3b24645a033d1e63f1b439) Importer(815301076,1909f56bfc062723c751e8b465ee728b)  -> (artifact id: 'c1172a8142e26878bdbe8ee8a0acffcc') in 0.003621 seconds 
  Import took 0.007344 seconds .

========================================================================
Received Import Request.
  Time since last request: 0.000297 seconds.
  path: Assets/Sprites/Sprites/_Environment/env_BigBen.png
  artifactKey: Guid(0746dc338e93b074d976863ff50a952d) Importer(815301076,1909f56bfc062723c751e8b465ee728b)
Start importing Assets/Sprites/Sprites/_Environment/env_BigBen.png using Guid(0746dc338e93b074d976863ff50a952d) Importer(815301076,1909f56bfc062723c751e8b465ee728b)  -> (artifact id: 'dbbdc155cd4756978a9dd33c7376bd91') in 0.014803 seconds 
  Import took 0.018996 seconds .

========================================================================
Received Import Request.
  Time since last request: 0.000423 seconds.
  path: Assets/Sprites/Sprites/_Environment/env_UfoLegs.png
  artifactKey: Guid(341af047cb2af864f82636dacf5a1c91) Importer(815301076,1909f56bfc062723c751e8b465ee728b)
Start importing Assets/Sprites/Sprites/_Environment/env_UfoLegs.png using Guid(341af047cb2af864f82636dacf5a1c91) Importer(815301076,1909f56bfc062723c751e8b465ee728b)  -> (artifact id: 'c3a361289aac899415bc279da3950f0c') in 0.013808 seconds 
  Import took 0.018298 seconds .

========================================================================
Received Import Request.
  Time since last request: 0.000322 seconds.
  path: Assets/Sprites/Sprites/_Environment/env_Bank.png
  artifactKey: Guid(1b1c4de122fdeb043aee76017407e689) Importer(815301076,1909f56bfc062723c751e8b465ee728b)
Start importing Assets/Sprites/Sprites/_Environment/env_Bank.png using Guid(1b1c4de122fdeb043aee76017407e689) Importer(815301076,1909f56bfc062723c751e8b465ee728b)  -> (artifact id: '0d79803b7815d203346bab424957f81d') in 0.014959 seconds 
  Import took 0.018332 seconds .

========================================================================
Received Import Request.
  Time since last request: 111.004790 seconds.
  path: ProjectSettings/TagManager.asset
  artifactKey: Guid(00000000000000003000000000000000) Importer(815301076,1909f56bfc062723c751e8b465ee728b)
Start importing ProjectSettings/TagManager.asset using Guid(00000000000000003000000000000000) Importer(815301076,1909f56bfc062723c751e8b465ee728b)  -> (artifact id: '95df672b4aaba54310d34c83eef51bb8') in 0.008028 seconds 
  Import took 0.013264 seconds .

========================================================================
Received Import Request.
  Time since last request: 0.009293 seconds.
  path: ProjectSettings/TagManager.asset
  artifactKey: Guid(00000000000000003000000000000000) Importer(815301076,1909f56bfc062723c751e8b465ee728b)
Start importing ProjectSettings/TagManager.asset using Guid(00000000000000003000000000000000) Importer(815301076,1909f56bfc062723c751e8b465ee728b)  -> (artifact id: '95df672b4aaba54310d34c83eef51bb8') in 0.004094 seconds 
  Import took 0.008823 seconds .

========================================================================
Received Import Request.
  Time since last request: 163.042476 seconds.
  path: Assets/Sprites/Sprites/_Environment/env_PlatformBridge.png
  artifactKey: Guid(25daf9c770bbd8445a98d957bb751218) Importer(815301076,1909f56bfc062723c751e8b465ee728b)
Start importing Assets/Sprites/Sprites/_Environment/env_PlatformBridge.png using Guid(25daf9c770bbd8445a98d957bb751218) Importer(815301076,1909f56bfc062723c751e8b465ee728b)  -> (artifact id: '7add081f591755e52c0eac2d03bdf2c6') in 0.014511 seconds 
  Import took 0.018937 seconds .

========================================================================
Received Import Request.
  Time since last request: 7.357867 seconds.
  path: Assets/Sprites/Sprites/_Environment/env_PlatformBridge.png
  artifactKey: Guid(25daf9c770bbd8445a98d957bb751218) Importer(815301076,1909f56bfc062723c751e8b465ee728b)
Start importing Assets/Sprites/Sprites/_Environment/env_PlatformBridge.png using Guid(25daf9c770bbd8445a98d957bb751218) Importer(815301076,1909f56bfc062723c751e8b465ee728b)  -> (artifact id: 'dea249b3c6312f5b3cbae4b660484616') in 0.026578 seconds 
  Import took 0.030296 seconds .

========================================================================
Received Import Request.
  Time since last request: 123.065322 seconds.
  path: Assets/Sprites/Sprites/_Environment/env_PlatformTop.png
  artifactKey: Guid(b0bbf8248d3a1be488fd0203f6aee7c0) Importer(815301076,1909f56bfc062723c751e8b465ee728b)
Start importing Assets/Sprites/Sprites/_Environment/env_PlatformTop.png using Guid(b0bbf8248d3a1be488fd0203f6aee7c0) Importer(815301076,1909f56bfc062723c751e8b465ee728b)  -> (artifact id: 'e1cb7062f68f2cc99af2bfda06aeae36') in 0.015680 seconds 
  Import took 0.020140 seconds .

========================================================================
Received Import Request.
  Time since last request: 2.716647 seconds.
  path: Assets/Sprites/Sprites/_Environment/env_PlatformTop.png
  artifactKey: Guid(b0bbf8248d3a1be488fd0203f6aee7c0) Importer(815301076,1909f56bfc062723c751e8b465ee728b)
Start importing Assets/Sprites/Sprites/_Environment/env_PlatformTop.png using Guid(b0bbf8248d3a1be488fd0203f6aee7c0) Importer(815301076,1909f56bfc062723c751e8b465ee728b)  -> (artifact id: '58d25234536c2f4a21b282bfef3eaed9') in 0.014866 seconds 
  Import took 0.018774 seconds .

========================================================================
Received Import Request.
  Time since last request: 32.140792 seconds.
  path: Assets/Sprites/Sprites/_Environment/env_TowerFull.png
  artifactKey: Guid(1a84007122a53b041b6eec70c2c3f9c0) Importer(815301076,1909f56bfc062723c751e8b465ee728b)
Start importing Assets/Sprites/Sprites/_Environment/env_TowerFull.png using Guid(1a84007122a53b041b6eec70c2c3f9c0) Importer(815301076,1909f56bfc062723c751e8b465ee728b)  -> (artifact id: 'fcbc0b4eebaa714fab6211f89a8dc909') in 0.014295 seconds 
  Import took 0.019987 seconds .

========================================================================
Received Import Request.
  Time since last request: 5.459825 seconds.
  path: Assets/Sprites/Sprites/_Environment/env_TowerFull.png
  artifactKey: Guid(1a84007122a53b041b6eec70c2c3f9c0) Importer(815301076,1909f56bfc062723c751e8b465ee728b)
Start importing Assets/Sprites/Sprites/_Environment/env_TowerFull.png using Guid(1a84007122a53b041b6eec70c2c3f9c0) Importer(815301076,1909f56bfc062723c751e8b465ee728b)  -> (artifact id: 'dbe297dd2d9a34e312a441f47c1dd8d0') in 0.026600 seconds 
  Import took 0.030092 seconds .

========================================================================
Received Import Request.
  Time since last request: 78.992657 seconds.
  path: Assets/Sprites/Sprites/_Environment/env_PlatformUfo.png
  artifactKey: Guid(a9c127fa6b7ae5946a301e926867b550) Importer(815301076,1909f56bfc062723c751e8b465ee728b)
Start importing Assets/Sprites/Sprites/_Environment/env_PlatformUfo.png using Guid(a9c127fa6b7ae5946a301e926867b550) Importer(815301076,1909f56bfc062723c751e8b465ee728b)  -> (artifact id: 'ce589afd0508b1b087d6e4c77f629e43') in 0.013987 seconds 
  Import took 0.018933 seconds .

========================================================================
Received Import Request.
  Time since last request: 3.970608 seconds.
  path: Assets/Sprites/Sprites/_Environment/env_PlatformUfo.png
  artifactKey: Guid(a9c127fa6b7ae5946a301e926867b550) Importer(815301076,1909f56bfc062723c751e8b465ee728b)
Start importing Assets/Sprites/Sprites/_Environment/env_PlatformUfo.png using Guid(a9c127fa6b7ae5946a301e926867b550) Importer(815301076,1909f56bfc062723c751e8b465ee728b)  -> (artifact id: '45a89876feb0ae85dbb5e7bc972ea450') in 0.020583 seconds 
  Import took 0.024239 seconds .

========================================================================
Received Import Request.
  Time since last request: 29.132273 seconds.
  path: Assets/Sprites/Sprites/_Environment/env_UfoLegs.png
  artifactKey: Guid(341af047cb2af864f82636dacf5a1c91) Importer(815301076,1909f56bfc062723c751e8b465ee728b)
Start importing Assets/Sprites/Sprites/_Environment/env_UfoLegs.png using Guid(341af047cb2af864f82636dacf5a1c91) Importer(815301076,1909f56bfc062723c751e8b465ee728b)  -> (artifact id: '777927516f6b7e536728131eab2f4105') in 0.017739 seconds 
  Import took 0.024135 seconds .

========================================================================
Received Import Request.
  Time since last request: 3.817443 seconds.
  path: Assets/Sprites/Sprites/_Environment/env_UfoLegs.png
  artifactKey: Guid(341af047cb2af864f82636dacf5a1c91) Importer(815301076,1909f56bfc062723c751e8b465ee728b)
Start importing Assets/Sprites/Sprites/_Environment/env_UfoLegs.png using Guid(341af047cb2af864f82636dacf5a1c91) Importer(815301076,1909f56bfc062723c751e8b465ee728b)  -> (artifact id: '6bff0911c8354b2be09de1ea2728cbed') in 0.051823 seconds 
  Import took 0.056112 seconds .

========================================================================
Received Import Request.
  Time since last request: 13.164130 seconds.
  path: Assets/Sprites/Sprites/_Environment/env_UfoLegs.png
  artifactKey: Guid(341af047cb2af864f82636dacf5a1c91) Importer(815301076,1909f56bfc062723c751e8b465ee728b)
Start importing Assets/Sprites/Sprites/_Environment/env_UfoLegs.png using Guid(341af047cb2af864f82636dacf5a1c91) Importer(815301076,1909f56bfc062723c751e8b465ee728b)  -> (artifact id: '07dbf792ae91d68a5c58a50704e07699') in 0.017433 seconds 
  Import took 0.022560 seconds .

========================================================================
Received Import Request.
  Time since last request: 37.999075 seconds.
  path: Assets/Sprites/Sprites/_Environment/env_UfoLegs.png
  artifactKey: Guid(341af047cb2af864f82636dacf5a1c91) Importer(815301076,1909f56bfc062723c751e8b465ee728b)
Start importing Assets/Sprites/Sprites/_Environment/env_UfoLegs.png using Guid(341af047cb2af864f82636dacf5a1c91) Importer(815301076,1909f56bfc062723c751e8b465ee728b)  -> (artifact id: '9b4a460f08cdf50e77ce5ed7e280a22a') in 0.017611 seconds 
  Import took 0.020960 seconds .

========================================================================
Received Import Request.
  Time since last request: 42.578952 seconds.
  path: Assets/Sprites/Sprites/_Character
  artifactKey: Guid(3751b61ba9356cc4eaa2a2bd738814a2) Importer(815301076,1909f56bfc062723c751e8b465ee728b)
Start importing Assets/Sprites/Sprites/_Character using Guid(3751b61ba9356cc4eaa2a2bd738814a2) Importer(815301076,1909f56bfc062723c751e8b465ee728b)  -> (artifact id: '717c7ef020cd4cc58a9e464d757367f2') in 0.008788 seconds 
  Import took 0.014488 seconds .

========================================================================
Received Import Request.
  Time since last request: 0.005461 seconds.
  path: Assets/Sprites/Sprites/_Character/char_enemy_alienShip-damaged.png
  artifactKey: Guid(476a28dc96249ae42926db128ff9e1be) Importer(815301076,1909f56bfc062723c751e8b465ee728b)
Start importing Assets/Sprites/Sprites/_Character/char_enemy_alienShip-damaged.png using Guid(476a28dc96249ae42926db128ff9e1be) Importer(815301076,1909f56bfc062723c751e8b465ee728b)  -> (artifact id: 'bfd5f6901fef7dfc26db2368b9c4478c') in 0.041177 seconds 
  Import took 0.045900 seconds .

========================================================================
Received Import Request.
  Time since last request: 0.000308 seconds.
  path: Assets/Sprites/Sprites/_Character/char_enemy_alienShip.png
  artifactKey: Guid(8ef49be97aeaba14ab9b7efb9a814e1c) Importer(815301076,1909f56bfc062723c751e8b465ee728b)
Start importing Assets/Sprites/Sprites/_Character/char_enemy_alienShip.png using Guid(8ef49be97aeaba14ab9b7efb9a814e1c) Importer(815301076,1909f56bfc062723c751e8b465ee728b)  -> (artifact id: '61eefd452a77ebd72c278e4f57897c07') in 0.021517 seconds 
  Import took 0.025051 seconds .

========================================================================
Received Import Request.
  Time since last request: 0.000468 seconds.
  path: Assets/Sprites/Sprites/_Character/char_enemy_alienShip-dead.png
  artifactKey: Guid(328a6aa18b4d07f489b90e4c733923bb) Importer(815301076,1909f56bfc062723c751e8b465ee728b)
Start importing Assets/Sprites/Sprites/_Character/char_enemy_alienShip-dead.png using Guid(328a6aa18b4d07f489b90e4c733923bb) Importer(815301076,1909f56bfc062723c751e8b465ee728b)  -> (artifact id: '7ad8ed27ccba2b2e56e8452d74555dc4') in 0.017053 seconds 
  Import took 0.020917 seconds .

========================================================================
Received Import Request.
  Time since last request: 0.000321 seconds.
  path: Assets/Sprites/Sprites/_Character/char_enemy_alienSlug-dead.png
  artifactKey: Guid(757a1a92b772b8b4ca98d0a679189c31) Importer(815301076,1909f56bfc062723c751e8b465ee728b)
Start importing Assets/Sprites/Sprites/_Character/char_enemy_alienSlug-dead.png using Guid(757a1a92b772b8b4ca98d0a679189c31) Importer(815301076,1909f56bfc062723c751e8b465ee728b)  -> (artifact id: '61795c1001fcced985327534e73a5d44') in 0.017916 seconds 
  Import took 0.022058 seconds .

========================================================================
Received Import Request.
  Time since last request: 0.000315 seconds.
  path: Assets/Sprites/Sprites/_Character/char_enemy_alienSlug.png
  artifactKey: Guid(2675bc445ebefa245bfd5acb09c4cd57) Importer(815301076,1909f56bfc062723c751e8b465ee728b)
Start importing Assets/Sprites/Sprites/_Character/char_enemy_alienSlug.png using Guid(2675bc445ebefa245bfd5acb09c4cd57) Importer(815301076,1909f56bfc062723c751e8b465ee728b)  -> (artifact id: 'ce5b21aea68715027cd254239a0357e8') in 0.021859 seconds 
  Import took 0.026109 seconds .

========================================================================
Received Import Request.
  Time since last request: 0.000305 seconds.
  path: Assets/Sprites/Sprites/_Character/char_hero_beanMan.png
  artifactKey: Guid(b99c6b1a40e817e40941b7459bded6de) Importer(815301076,1909f56bfc062723c751e8b465ee728b)
Start importing Assets/Sprites/Sprites/_Character/char_hero_beanMan.png using Guid(b99c6b1a40e817e40941b7459bded6de) Importer(815301076,1909f56bfc062723c751e8b465ee728b)  -> (artifact id: '5eaef1b9ec20da065e53e38544ba70f5') in 0.024426 seconds 
  Import took 0.029458 seconds .

========================================================================
Received Import Request.
  Time since last request: 7.904929 seconds.
  path: Assets/Sprites/Sprites/_Character/char_hero_beanMan.png
  artifactKey: Guid(b99c6b1a40e817e40941b7459bded6de) Importer(815301076,1909f56bfc062723c751e8b465ee728b)
Start importing Assets/Sprites/Sprites/_Character/char_hero_beanMan.png using Guid(b99c6b1a40e817e40941b7459bded6de) Importer(815301076,1909f56bfc062723c751e8b465ee728b)  -> (artifact id: 'ab0080addc59e9890f0171f98cbc4323') in 0.017377 seconds 
  Import took 0.021491 seconds .

========================================================================
Received Import Request.
  Time since last request: 87.341810 seconds.
  path: Assets/Sprites/Sprites/_Character/char_hero_beanMan.png
  artifactKey: Guid(b99c6b1a40e817e40941b7459bded6de) Importer(815301076,1909f56bfc062723c751e8b465ee728b)
Start importing Assets/Sprites/Sprites/_Character/char_hero_beanMan.png using Guid(b99c6b1a40e817e40941b7459bded6de) Importer(815301076,1909f56bfc062723c751e8b465ee728b)  -> (artifact id: '46d5de8fc2f96fa4251a328744c585d7') in 0.051663 seconds 
  Import took 0.055932 seconds .

========================================================================
Received Prepare
Registering precompiled user dll's ...
Registered in 0.007914 seconds.
Begin MonoManager ReloadAssembly
Native extension for WindowsStandalone target not found
Refreshing native plugins compatible for Editor in 0.47 ms, found 3 plugins.
Preloading 0 native plugins for Editor in 0.00 ms.
Mono: successfully reloaded assembly
- Completed reload, in  1.261 seconds
Domain Reload Profiling:
	ReloadAssembly (1261ms)
		BeginReloadAssembly (136ms)
			ExecutionOrderSort (0ms)
			DisableScriptedObjects (7ms)
			BackupInstance (0ms)
			ReleaseScriptingObjects (0ms)
			CreateAndSetChildDomain (37ms)
		EndReloadAssembly (1036ms)
			LoadAssemblies (130ms)
			RebuildTransferFunctionScriptingTraits (0ms)
			SetupTypeCache (344ms)
			ReleaseScriptCaches (1ms)
			RebuildScriptCaches (52ms)
			SetupLoadedEditorAssemblies (375ms)
				LogAssemblyErrors (0ms)
				InitializePlatformSupportModulesInManaged (6ms)
				SetLoadedEditorAssemblies (1ms)
				RefreshPlugins (1ms)
				BeforeProcessingInitializeOnLoad (129ms)
				ProcessInitializeOnLoadAttributes (220ms)
				ProcessInitializeOnLoadMethodAttributes (7ms)
				AfterProcessingInitializeOnLoad (12ms)
				EditorAssembliesLoaded (0ms)
			ExecutionOrderSort2 (0ms)
			AwakeInstancesAfterBackupRestoration (11ms)
Platform modules already initialized, skipping
Refreshing native plugins compatible for Editor in 0.46 ms, found 3 plugins.
Preloading 0 native plugins for Editor in 0.00 ms.
Unloading 2074 Unused Serialized files (Serialized files now loaded: 0)
System memory in use before: 97.8 MB.
System memory in use after: 97.9 MB.

Unloading 18 unused Assets to reduce memory usage. Loaded Objects now: 2578.
Total: 2.374900 ms (FindLiveObjects: 0.204100 ms CreateObjectMapping: 0.078700 ms MarkObjects: 2.072200 ms  DeleteObjects: 0.019100 ms)

AssetImportParameters requested are different than current active one (requested -> active):
  custom:framework-win-MediaFoundation: 216162199b28c13a410421893ffa2e32 -> 
  custom:video-decoder-ogg-theora: a1e56fd34408186e4bbccfd4996cb3dc -> 
  custom:container-muxer-webm: aa71ff27fc2769a1b78a27578f13a17b -> 
  custom:container-demuxer-webm: 4f35f7cbe854078d1ac9338744f61a02 -> 
  custom:container-demuxer-ogg: 62fdf1f143b41e24485cea50d1cbac27 -> 
  custom:video-encoder-webm-vp8: eb34c28f22e8b96e1ab97ce403110664 -> 
  custom:video-codec-MediaFoundation-h265: 746d11721c4dcdbdad8f713fa42b33f4 -> 
  custom:video-decoder-webm-vp8: 9c59270c3fd7afecdb556c50c9e8de78 -> 
  custom:audio-decoder-ogg-vorbis: bf7c407c2cedff20999df2af8eb42d56 -> 
  custom:audio-encoder-webm-vorbis: bf7c407c2cedff20999df2af8eb42d56 -> 
========================================================================
Received Prepare
Registering precompiled user dll's ...
Registered in 0.005919 seconds.
Begin MonoManager ReloadAssembly
Native extension for WindowsStandalone target not found
Refreshing native plugins compatible for Editor in 0.44 ms, found 3 plugins.
Preloading 0 native plugins for Editor in 0.00 ms.
Mono: successfully reloaded assembly
- Completed reload, in  1.247 seconds
Domain Reload Profiling:
	ReloadAssembly (1248ms)
		BeginReloadAssembly (139ms)
			ExecutionOrderSort (0ms)
			DisableScriptedObjects (7ms)
			BackupInstance (0ms)
			ReleaseScriptingObjects (0ms)
			CreateAndSetChildDomain (34ms)
		EndReloadAssembly (1016ms)
			LoadAssemblies (117ms)
			RebuildTransferFunctionScriptingTraits (0ms)
			SetupTypeCache (339ms)
			ReleaseScriptCaches (1ms)
			RebuildScriptCaches (49ms)
			SetupLoadedEditorAssemblies (364ms)
				LogAssemblyErrors (0ms)
				InitializePlatformSupportModulesInManaged (6ms)
				SetLoadedEditorAssemblies (0ms)
				RefreshPlugins (0ms)
				BeforeProcessingInitializeOnLoad (123ms)
				ProcessInitializeOnLoadAttributes (217ms)
				ProcessInitializeOnLoadMethodAttributes (6ms)
				AfterProcessingInitializeOnLoad (12ms)
				EditorAssembliesLoaded (0ms)
			ExecutionOrderSort2 (0ms)
			AwakeInstancesAfterBackupRestoration (11ms)
Platform modules already initialized, skipping
Refreshing native plugins compatible for Editor in 0.44 ms, found 3 plugins.
Preloading 0 native plugins for Editor in 0.00 ms.
Unloading 2074 Unused Serialized files (Serialized files now loaded: 0)
System memory in use before: 97.9 MB.
System memory in use after: 98.0 MB.

Unloading 16 unused Assets to reduce memory usage. Loaded Objects now: 2582.
Total: 2.710400 ms (FindLiveObjects: 0.225400 ms CreateObjectMapping: 0.155300 ms MarkObjects: 2.310300 ms  DeleteObjects: 0.018300 ms)

AssetImportParameters requested are different than current active one (requested -> active):
  custom:framework-win-MediaFoundation: 216162199b28c13a410421893ffa2e32 -> 
  custom:video-decoder-ogg-theora: a1e56fd34408186e4bbccfd4996cb3dc -> 
  custom:container-muxer-webm: aa71ff27fc2769a1b78a27578f13a17b -> 
  custom:container-demuxer-webm: 4f35f7cbe854078d1ac9338744f61a02 -> 
  custom:container-demuxer-ogg: 62fdf1f143b41e24485cea50d1cbac27 -> 
  custom:video-encoder-webm-vp8: eb34c28f22e8b96e1ab97ce403110664 -> 
  custom:video-codec-MediaFoundation-h265: 746d11721c4dcdbdad8f713fa42b33f4 -> 
  custom:video-decoder-webm-vp8: 9c59270c3fd7afecdb556c50c9e8de78 -> 
  custom:audio-decoder-ogg-vorbis: bf7c407c2cedff20999df2af8eb42d56 -> 
  custom:audio-encoder-webm-vorbis: bf7c407c2cedff20999df2af8eb42d56 -> 
========================================================================
Received Prepare
Registering precompiled user dll's ...
Registered in 0.006930 seconds.
Begin MonoManager ReloadAssembly
Native extension for WindowsStandalone target not found
Refreshing native plugins compatible for Editor in 0.73 ms, found 3 plugins.
Preloading 0 native plugins for Editor in 0.00 ms.
Mono: successfully reloaded assembly
- Completed reload, in  1.273 seconds
Domain Reload Profiling:
	ReloadAssembly (1273ms)
		BeginReloadAssembly (149ms)
			ExecutionOrderSort (0ms)
			DisableScriptedObjects (7ms)
			BackupInstance (0ms)
			ReleaseScriptingObjects (0ms)
			CreateAndSetChildDomain (33ms)
		EndReloadAssembly (1032ms)
			LoadAssemblies (119ms)
			RebuildTransferFunctionScriptingTraits (0ms)
			SetupTypeCache (341ms)
			ReleaseScriptCaches (1ms)
			RebuildScriptCaches (48ms)
			SetupLoadedEditorAssemblies (397ms)
				LogAssemblyErrors (0ms)
				InitializePlatformSupportModulesInManaged (6ms)
				SetLoadedEditorAssemblies (1ms)
				RefreshPlugins (1ms)
				BeforeProcessingInitializeOnLoad (136ms)
				ProcessInitializeOnLoadAttributes (233ms)
				ProcessInitializeOnLoadMethodAttributes (7ms)
				AfterProcessingInitializeOnLoad (13ms)
				EditorAssembliesLoaded (0ms)
			ExecutionOrderSort2 (0ms)
			AwakeInstancesAfterBackupRestoration (14ms)
Platform modules already initialized, skipping
Refreshing native plugins compatible for Editor in 0.76 ms, found 3 plugins.
Preloading 0 native plugins for Editor in 0.00 ms.
Unloading 2074 Unused Serialized files (Serialized files now loaded: 0)
System memory in use before: 97.9 MB.
System memory in use after: 98.0 MB.

Unloading 16 unused Assets to reduce memory usage. Loaded Objects now: 2586.
Total: 2.717300 ms (FindLiveObjects: 0.296700 ms CreateObjectMapping: 0.116500 ms MarkObjects: 2.282100 ms  DeleteObjects: 0.020800 ms)

AssetImportParameters requested are different than current active one (requested -> active):
  custom:framework-win-MediaFoundation: 216162199b28c13a410421893ffa2e32 -> 
  custom:video-decoder-ogg-theora: a1e56fd34408186e4bbccfd4996cb3dc -> 
  custom:container-muxer-webm: aa71ff27fc2769a1b78a27578f13a17b -> 
  custom:container-demuxer-webm: 4f35f7cbe854078d1ac9338744f61a02 -> 
  custom:container-demuxer-ogg: 62fdf1f143b41e24485cea50d1cbac27 -> 
  custom:video-encoder-webm-vp8: eb34c28f22e8b96e1ab97ce403110664 -> 
  custom:video-codec-MediaFoundation-h265: 746d11721c4dcdbdad8f713fa42b33f4 -> 
  custom:video-decoder-webm-vp8: 9c59270c3fd7afecdb556c50c9e8de78 -> 
  custom:audio-decoder-ogg-vorbis: bf7c407c2cedff20999df2af8eb42d56 -> 
  custom:audio-encoder-webm-vorbis: bf7c407c2cedff20999df2af8eb42d56 -> 
========================================================================
Received Prepare
Registering precompiled user dll's ...
Registered in 0.006138 seconds.
Begin MonoManager ReloadAssembly
Native extension for WindowsStandalone target not found
Refreshing native plugins compatible for Editor in 0.79 ms, found 3 plugins.
Preloading 0 native plugins for Editor in 0.00 ms.
Mono: successfully reloaded assembly
- Completed reload, in  1.406 seconds
Domain Reload Profiling:
	ReloadAssembly (1407ms)
		BeginReloadAssembly (139ms)
			ExecutionOrderSort (0ms)
			DisableScriptedObjects (7ms)
			BackupInstance (0ms)
			ReleaseScriptingObjects (0ms)
			CreateAndSetChildDomain (35ms)
		EndReloadAssembly (1183ms)
			LoadAssemblies (125ms)
			RebuildTransferFunctionScriptingTraits (0ms)
			SetupTypeCache (472ms)
			ReleaseScriptCaches (1ms)
			RebuildScriptCaches (47ms)
			SetupLoadedEditorAssemblies (392ms)
				LogAssemblyErrors (0ms)
				InitializePlatformSupportModulesInManaged (7ms)
				SetLoadedEditorAssemblies (1ms)
				RefreshPlugins (1ms)
				BeforeProcessingInitializeOnLoad (140ms)
				ProcessInitializeOnLoadAttributes (225ms)
				ProcessInitializeOnLoadMethodAttributes (7ms)
				AfterProcessingInitializeOnLoad (12ms)
				EditorAssembliesLoaded (0ms)
			ExecutionOrderSort2 (0ms)
			AwakeInstancesAfterBackupRestoration (11ms)
Platform modules already initialized, skipping
Refreshing native plugins compatible for Editor in 0.49 ms, found 3 plugins.
Preloading 0 native plugins for Editor in 0.00 ms.
Unloading 2075 Unused Serialized files (Serialized files now loaded: 0)
System memory in use before: 97.9 MB.
System memory in use after: 98.0 MB.

Unloading 16 unused Assets to reduce memory usage. Loaded Objects now: 2591.
Total: 2.549800 ms (FindLiveObjects: 0.201400 ms CreateObjectMapping: 0.068400 ms MarkObjects: 2.261000 ms  DeleteObjects: 0.018100 ms)

AssetImportParameters requested are different than current active one (requested -> active):
  custom:framework-win-MediaFoundation: 216162199b28c13a410421893ffa2e32 -> 
  custom:video-decoder-ogg-theora: a1e56fd34408186e4bbccfd4996cb3dc -> 
  custom:container-muxer-webm: aa71ff27fc2769a1b78a27578f13a17b -> 
  custom:container-demuxer-webm: 4f35f7cbe854078d1ac9338744f61a02 -> 
  custom:container-demuxer-ogg: 62fdf1f143b41e24485cea50d1cbac27 -> 
  custom:video-encoder-webm-vp8: eb34c28f22e8b96e1ab97ce403110664 -> 
  custom:video-codec-MediaFoundation-h265: 746d11721c4dcdbdad8f713fa42b33f4 -> 
  custom:video-decoder-webm-vp8: 9c59270c3fd7afecdb556c50c9e8de78 -> 
  custom:audio-decoder-ogg-vorbis: bf7c407c2cedff20999df2af8eb42d56 -> 
  custom:audio-encoder-webm-vorbis: bf7c407c2cedff20999df2af8eb42d56 -> 
========================================================================
Received Prepare
Registering precompiled user dll's ...
Registered in 0.006077 seconds.
Begin MonoManager ReloadAssembly
Native extension for WindowsStandalone target not found
Refreshing native plugins compatible for Editor in 0.59 ms, found 3 plugins.
Preloading 0 native plugins for Editor in 0.00 ms.
Mono: successfully reloaded assembly
- Completed reload, in  1.935 seconds
Domain Reload Profiling:
	ReloadAssembly (1936ms)
		BeginReloadAssembly (183ms)
			ExecutionOrderSort (0ms)
			DisableScriptedObjects (10ms)
			BackupInstance (0ms)
			ReleaseScriptingObjects (0ms)
			CreateAndSetChildDomain (55ms)
		EndReloadAssembly (1636ms)
			LoadAssemblies (168ms)
			RebuildTransferFunctionScriptingTraits (0ms)
			SetupTypeCache (596ms)
			ReleaseScriptCaches (2ms)
			RebuildScriptCaches (82ms)
			SetupLoadedEditorAssemblies (574ms)
				LogAssemblyErrors (0ms)
				InitializePlatformSupportModulesInManaged (8ms)
				SetLoadedEditorAssemblies (1ms)
				RefreshPlugins (1ms)
				BeforeProcessingInitializeOnLoad (203ms)
				ProcessInitializeOnLoadAttributes (340ms)
				ProcessInitializeOnLoadMethodAttributes (9ms)
				AfterProcessingInitializeOnLoad (13ms)
				EditorAssembliesLoaded (0ms)
			ExecutionOrderSort2 (0ms)
			AwakeInstancesAfterBackupRestoration (14ms)
Platform modules already initialized, skipping
Refreshing native plugins compatible for Editor in 1.29 ms, found 3 plugins.
Preloading 0 native plugins for Editor in 0.00 ms.
Unloading 2075 Unused Serialized files (Serialized files now loaded: 0)
System memory in use before: 97.9 MB.
System memory in use after: 98.0 MB.

Unloading 16 unused Assets to reduce memory usage. Loaded Objects now: 2595.
Total: 3.107800 ms (FindLiveObjects: 0.230100 ms CreateObjectMapping: 0.075300 ms MarkObjects: 2.775500 ms  DeleteObjects: 0.025200 ms)

AssetImportParameters requested are different than current active one (requested -> active):
  custom:framework-win-MediaFoundation: 216162199b28c13a410421893ffa2e32 -> 
  custom:video-decoder-ogg-theora: a1e56fd34408186e4bbccfd4996cb3dc -> 
  custom:container-muxer-webm: aa71ff27fc2769a1b78a27578f13a17b -> 
  custom:container-demuxer-webm: 4f35f7cbe854078d1ac9338744f61a02 -> 
  custom:container-demuxer-ogg: 62fdf1f143b41e24485cea50d1cbac27 -> 
  custom:video-encoder-webm-vp8: eb34c28f22e8b96e1ab97ce403110664 -> 
  custom:video-codec-MediaFoundation-h265: 746d11721c4dcdbdad8f713fa42b33f4 -> 
  custom:video-decoder-webm-vp8: 9c59270c3fd7afecdb556c50c9e8de78 -> 
  custom:audio-decoder-ogg-vorbis: bf7c407c2cedff20999df2af8eb42d56 -> 
  custom:audio-encoder-webm-vorbis: bf7c407c2cedff20999df2af8eb42d56 -> 
========================================================================
Received Import Request.
  Time since last request: 482.705862 seconds.
  path: Assets
  artifactKey: Guid(00000000000000001000000000000000) Importer(815301076,1909f56bfc062723c751e8b465ee728b)
Start importing Assets using Guid(00000000000000001000000000000000) Importer(815301076,1909f56bfc062723c751e8b465ee728b)  -> (artifact id: '42d402b061de3733987d63b9cc3b64de') in 0.007945 seconds 
  Import took 0.012582 seconds .

========================================================================
Received Import Request.
  Time since last request: 4.069161 seconds.
  path: Assets/code
  artifactKey: Guid(d3156d80ba2585b478c859f82f5aca4c) Importer(815301076,1909f56bfc062723c751e8b465ee728b)
Start importing Assets/code using Guid(d3156d80ba2585b478c859f82f5aca4c) Importer(815301076,1909f56bfc062723c751e8b465ee728b)  -> (artifact id: '5b5b34cafdc5d065ec8d7e91afe94586') in 0.005114 seconds 
  Import took 0.008993 seconds .

========================================================================
Received Prepare
Registering precompiled user dll's ...
Registered in 0.005937 seconds.
Begin MonoManager ReloadAssembly
Native extension for WindowsStandalone target not found
Refreshing native plugins compatible for Editor in 0.44 ms, found 3 plugins.
Preloading 0 native plugins for Editor in 0.00 ms.
Mono: successfully reloaded assembly
- Completed reload, in  1.480 seconds
Domain Reload Profiling:
	ReloadAssembly (1481ms)
		BeginReloadAssembly (183ms)
			ExecutionOrderSort (0ms)
			DisableScriptedObjects (10ms)
			BackupInstance (0ms)
			ReleaseScriptingObjects (0ms)
			CreateAndSetChildDomain (53ms)
		EndReloadAssembly (1166ms)
			LoadAssemblies (152ms)
			RebuildTransferFunctionScriptingTraits (0ms)
			SetupTypeCache (386ms)
			ReleaseScriptCaches (1ms)
			RebuildScriptCaches (48ms)
			SetupLoadedEditorAssemblies (461ms)
				LogAssemblyErrors (0ms)
				InitializePlatformSupportModulesInManaged (6ms)
				SetLoadedEditorAssemblies (0ms)
				RefreshPlugins (0ms)
				BeforeProcessingInitializeOnLoad (139ms)
				ProcessInitializeOnLoadAttributes (285ms)
				ProcessInitializeOnLoadMethodAttributes (12ms)
				AfterProcessingInitializeOnLoad (18ms)
				EditorAssembliesLoaded (0ms)
			ExecutionOrderSort2 (0ms)
			AwakeInstancesAfterBackupRestoration (16ms)
Platform modules already initialized, skipping
Refreshing native plugins compatible for Editor in 0.72 ms, found 3 plugins.
Preloading 0 native plugins for Editor in 0.00 ms.
Unloading 2075 Unused Serialized files (Serialized files now loaded: 0)
System memory in use before: 97.9 MB.
System memory in use after: 98.1 MB.

Unloading 16 unused Assets to reduce memory usage. Loaded Objects now: 2599.
Total: 3.328000 ms (FindLiveObjects: 0.211000 ms CreateObjectMapping: 0.082800 ms MarkObjects: 3.000000 ms  DeleteObjects: 0.032800 ms)

AssetImportParameters requested are different than current active one (requested -> active):
  custom:framework-win-MediaFoundation: 216162199b28c13a410421893ffa2e32 -> 
  custom:video-decoder-ogg-theora: a1e56fd34408186e4bbccfd4996cb3dc -> 
  custom:container-muxer-webm: aa71ff27fc2769a1b78a27578f13a17b -> 
  custom:container-demuxer-webm: 4f35f7cbe854078d1ac9338744f61a02 -> 
  custom:container-demuxer-ogg: 62fdf1f143b41e24485cea50d1cbac27 -> 
  custom:video-encoder-webm-vp8: eb34c28f22e8b96e1ab97ce403110664 -> 
  custom:video-codec-MediaFoundation-h265: 746d11721c4dcdbdad8f713fa42b33f4 -> 
  custom:video-decoder-webm-vp8: 9c59270c3fd7afecdb556c50c9e8de78 -> 
  custom:audio-decoder-ogg-vorbis: bf7c407c2cedff20999df2af8eb42d56 -> 
  custom:audio-encoder-webm-vorbis: bf7c407c2cedff20999df2af8eb42d56 -> 
========================================================================
Received Import Request.
  Time since last request: 6.532405 seconds.
  path: Assets/code/Playercontrol.cs
  artifactKey: Guid(82cdd7b96b1efda43880ddac1c9c1001) Importer(815301076,1909f56bfc062723c751e8b465ee728b)
Start importing Assets/code/Playercontrol.cs using Guid(82cdd7b96b1efda43880ddac1c9c1001) Importer(815301076,1909f56bfc062723c751e8b465ee728b)  -> (artifact id: '9c545865ea3646ca7a7d5d76432b6913') in 0.016833 seconds 
  Import took 0.021606 seconds .

========================================================================
Received Import Request.
  Time since last request: 39.537434 seconds.
  path: Assets/code/Playercontrol.cs
  artifactKey: Guid(82cdd7b96b1efda43880ddac1c9c1001) Importer(815301076,1909f56bfc062723c751e8b465ee728b)
Start importing Assets/code/Playercontrol.cs using Guid(82cdd7b96b1efda43880ddac1c9c1001) Importer(815301076,1909f56bfc062723c751e8b465ee728b)  -> (artifact id: '11d2faa6ce53e47cc2cdb4f5f0e6135a') in 0.005390 seconds 
  Import took 0.012813 seconds .

========================================================================
Received Import Request.
  Time since last request: 0.002897 seconds.
  path: Assets/code/Playercontrol.cs
  artifactKey: Guid(82cdd7b96b1efda43880ddac1c9c1001) Importer(815301076,1909f56bfc062723c751e8b465ee728b)
Start importing Assets/code/Playercontrol.cs using Guid(82cdd7b96b1efda43880ddac1c9c1001) Importer(815301076,1909f56bfc062723c751e8b465ee728b)  -> (artifact id: '11d2faa6ce53e47cc2cdb4f5f0e6135a') in 0.004271 seconds 
  Import took 0.008031 seconds .

========================================================================
Received Prepare
Registering precompiled user dll's ...
Registered in 0.006676 seconds.
Begin MonoManager ReloadAssembly
Native extension for WindowsStandalone target not found
Refreshing native plugins compatible for Editor in 0.47 ms, found 3 plugins.
Preloading 0 native plugins for Editor in 0.00 ms.
Mono: successfully reloaded assembly
- Completed reload, in  2.027 seconds
Domain Reload Profiling:
	ReloadAssembly (2028ms)
		BeginReloadAssembly (223ms)
			ExecutionOrderSort (0ms)
			DisableScriptedObjects (7ms)
			BackupInstance (0ms)
			ReleaseScriptingObjects (0ms)
			CreateAndSetChildDomain (41ms)
		EndReloadAssembly (1625ms)
			LoadAssemblies (242ms)
			RebuildTransferFunctionScriptingTraits (0ms)
			SetupTypeCache (501ms)
			ReleaseScriptCaches (2ms)
			RebuildScriptCaches (63ms)
			SetupLoadedEditorAssemblies (661ms)
				LogAssemblyErrors (0ms)
				InitializePlatformSupportModulesInManaged (13ms)
				SetLoadedEditorAssemblies (1ms)
				RefreshPlugins (1ms)
				BeforeProcessingInitializeOnLoad (165ms)
				ProcessInitializeOnLoadAttributes (436ms)
				ProcessInitializeOnLoadMethodAttributes (16ms)
				AfterProcessingInitializeOnLoad (28ms)
				EditorAssembliesLoaded (0ms)
			ExecutionOrderSort2 (0ms)
			AwakeInstancesAfterBackupRestoration (25ms)
Platform modules already initialized, skipping
Refreshing native plugins compatible for Editor in 0.83 ms, found 3 plugins.
Preloading 0 native plugins for Editor in 0.00 ms.
Unloading 2075 Unused Serialized files (Serialized files now loaded: 0)
System memory in use before: 98.0 MB.
System memory in use after: 98.1 MB.

Unloading 16 unused Assets to reduce memory usage. Loaded Objects now: 2603.
Total: 3.018100 ms (FindLiveObjects: 0.396400 ms CreateObjectMapping: 0.214900 ms MarkObjects: 2.388200 ms  DeleteObjects: 0.017100 ms)

AssetImportParameters requested are different than current active one (requested -> active):
  custom:framework-win-MediaFoundation: 216162199b28c13a410421893ffa2e32 -> 
  custom:video-decoder-ogg-theora: a1e56fd34408186e4bbccfd4996cb3dc -> 
  custom:container-muxer-webm: aa71ff27fc2769a1b78a27578f13a17b -> 
  custom:container-demuxer-webm: 4f35f7cbe854078d1ac9338744f61a02 -> 
  custom:container-demuxer-ogg: 62fdf1f143b41e24485cea50d1cbac27 -> 
  custom:video-encoder-webm-vp8: eb34c28f22e8b96e1ab97ce403110664 -> 
  custom:video-codec-MediaFoundation-h265: 746d11721c4dcdbdad8f713fa42b33f4 -> 
  custom:video-decoder-webm-vp8: 9c59270c3fd7afecdb556c50c9e8de78 -> 
  custom:audio-decoder-ogg-vorbis: bf7c407c2cedff20999df2af8eb42d56 -> 
  custom:audio-encoder-webm-vorbis: bf7c407c2cedff20999df2af8eb42d56 -> 
========================================================================
Received Import Request.
  Time since last request: 103.237134 seconds.
  path: Assets/code/Playercontrol.cs
  artifactKey: Guid(82cdd7b96b1efda43880ddac1c9c1001) Importer(815301076,1909f56bfc062723c751e8b465ee728b)
Start importing Assets/code/Playercontrol.cs using Guid(82cdd7b96b1efda43880ddac1c9c1001) Importer(815301076,1909f56bfc062723c751e8b465ee728b)  -> (artifact id: 'd067102cef08072f4afed7f1620d0afb') in 0.012974 seconds 
  Import took 0.019208 seconds .

========================================================================
Received Prepare
Registering precompiled user dll's ...
Registered in 0.005867 seconds.
Begin MonoManager ReloadAssembly
Native extension for WindowsStandalone target not found
Refreshing native plugins compatible for Editor in 0.47 ms, found 3 plugins.
Preloading 0 native plugins for Editor in 0.00 ms.
Mono: successfully reloaded assembly
- Completed reload, in  1.264 seconds
Domain Reload Profiling:
	ReloadAssembly (1265ms)
		BeginReloadAssembly (135ms)
			ExecutionOrderSort (0ms)
			DisableScriptedObjects (7ms)
			BackupInstance (0ms)
			ReleaseScriptingObjects (0ms)
			CreateAndSetChildDomain (33ms)
		EndReloadAssembly (1047ms)
			LoadAssemblies (114ms)
			RebuildTransferFunctionScriptingTraits (0ms)
			SetupTypeCache (375ms)
			ReleaseScriptCaches (1ms)
			RebuildScriptCaches (48ms)
			SetupLoadedEditorAssemblies (381ms)
				LogAssemblyErrors (0ms)
				InitializePlatformSupportModulesInManaged (6ms)
				SetLoadedEditorAssemblies (1ms)
				RefreshPlugins (1ms)
				BeforeProcessingInitializeOnLoad (132ms)
				ProcessInitializeOnLoadAttributes (223ms)
				ProcessInitializeOnLoadMethodAttributes (6ms)
				AfterProcessingInitializeOnLoad (12ms)
				EditorAssembliesLoaded (0ms)
			ExecutionOrderSort2 (0ms)
			AwakeInstancesAfterBackupRestoration (12ms)
Platform modules already initialized, skipping
Refreshing native plugins compatible for Editor in 0.68 ms, found 3 plugins.
Preloading 0 native plugins for Editor in 0.00 ms.
Unloading 2075 Unused Serialized files (Serialized files now loaded: 0)
System memory in use before: 98.0 MB.
System memory in use after: 98.1 MB.

Unloading 16 unused Assets to reduce memory usage. Loaded Objects now: 2607.
Total: 3.684300 ms (FindLiveObjects: 0.246500 ms CreateObjectMapping: 0.112800 ms MarkObjects: 3.296500 ms  DeleteObjects: 0.027200 ms)

AssetImportParameters requested are different than current active one (requested -> active):
  custom:framework-win-MediaFoundation: 216162199b28c13a410421893ffa2e32 -> 
  custom:video-decoder-ogg-theora: a1e56fd34408186e4bbccfd4996cb3dc -> 
  custom:container-muxer-webm: aa71ff27fc2769a1b78a27578f13a17b -> 
  custom:container-demuxer-webm: 4f35f7cbe854078d1ac9338744f61a02 -> 
  custom:container-demuxer-ogg: 62fdf1f143b41e24485cea50d1cbac27 -> 
  custom:video-encoder-webm-vp8: eb34c28f22e8b96e1ab97ce403110664 -> 
  custom:video-codec-MediaFoundation-h265: 746d11721c4dcdbdad8f713fa42b33f4 -> 
  custom:video-decoder-webm-vp8: 9c59270c3fd7afecdb556c50c9e8de78 -> 
  custom:audio-decoder-ogg-vorbis: bf7c407c2cedff20999df2af8eb42d56 -> 
  custom:audio-encoder-webm-vorbis: bf7c407c2cedff20999df2af8eb42d56 -> 
========================================================================
Received Prepare
Registering precompiled user dll's ...
Registered in 0.005967 seconds.
Begin MonoManager ReloadAssembly
Native extension for WindowsStandalone target not found
Refreshing native plugins compatible for Editor in 0.47 ms, found 3 plugins.
Preloading 0 native plugins for Editor in 0.00 ms.
Mono: successfully reloaded assembly
- Completed reload, in  1.268 seconds
Domain Reload Profiling:
	ReloadAssembly (1269ms)
		BeginReloadAssembly (141ms)
			ExecutionOrderSort (0ms)
			DisableScriptedObjects (7ms)
			BackupInstance (0ms)
			ReleaseScriptingObjects (0ms)
			CreateAndSetChildDomain (34ms)
		EndReloadAssembly (1045ms)
			LoadAssemblies (113ms)
			RebuildTransferFunctionScriptingTraits (0ms)
			SetupTypeCache (344ms)
			ReleaseScriptCaches (1ms)
			RebuildScriptCaches (48ms)
			SetupLoadedEditorAssemblies (402ms)
				LogAssemblyErrors (0ms)
				InitializePlatformSupportModulesInManaged (6ms)
				SetLoadedEditorAssemblies (1ms)
				RefreshPlugins (1ms)
				BeforeProcessingInitializeOnLoad (136ms)
				ProcessInitializeOnLoadAttributes (237ms)
				ProcessInitializeOnLoadMethodAttributes (8ms)
				AfterProcessingInitializeOnLoad (12ms)
				EditorAssembliesLoaded (0ms)
			ExecutionOrderSort2 (0ms)
			AwakeInstancesAfterBackupRestoration (18ms)
Platform modules already initialized, skipping
Refreshing native plugins compatible for Editor in 0.47 ms, found 3 plugins.
Preloading 0 native plugins for Editor in 0.00 ms.
Unloading 2075 Unused Serialized files (Serialized files now loaded: 0)
System memory in use before: 98.0 MB.
System memory in use after: 98.1 MB.

Unloading 16 unused Assets to reduce memory usage. Loaded Objects now: 2611.
Total: 2.614700 ms (FindLiveObjects: 0.217400 ms CreateObjectMapping: 0.087200 ms MarkObjects: 2.290700 ms  DeleteObjects: 0.018300 ms)

AssetImportParameters requested are different than current active one (requested -> active):
  custom:framework-win-MediaFoundation: 216162199b28c13a410421893ffa2e32 -> 
  custom:video-decoder-ogg-theora: a1e56fd34408186e4bbccfd4996cb3dc -> 
  custom:container-muxer-webm: aa71ff27fc2769a1b78a27578f13a17b -> 
  custom:container-demuxer-webm: 4f35f7cbe854078d1ac9338744f61a02 -> 
  custom:container-demuxer-ogg: 62fdf1f143b41e24485cea50d1cbac27 -> 
  custom:video-encoder-webm-vp8: eb34c28f22e8b96e1ab97ce403110664 -> 
  custom:video-codec-MediaFoundation-h265: 746d11721c4dcdbdad8f713fa42b33f4 -> 
  custom:video-decoder-webm-vp8: 9c59270c3fd7afecdb556c50c9e8de78 -> 
  custom:audio-decoder-ogg-vorbis: bf7c407c2cedff20999df2af8eb42d56 -> 
  custom:audio-encoder-webm-vorbis: bf7c407c2cedff20999df2af8eb42d56 -> 
========================================================================
Received Prepare
Registering precompiled user dll's ...
Registered in 0.006075 seconds.
Begin MonoManager ReloadAssembly
Native extension for WindowsStandalone target not found
Refreshing native plugins compatible for Editor in 0.98 ms, found 3 plugins.
Preloading 0 native plugins for Editor in 0.00 ms.
Mono: successfully reloaded assembly
- Completed reload, in  1.958 seconds
Domain Reload Profiling:
	ReloadAssembly (1958ms)
		BeginReloadAssembly (213ms)
			ExecutionOrderSort (0ms)
			DisableScriptedObjects (16ms)
			BackupInstance (0ms)
			ReleaseScriptingObjects (0ms)
			CreateAndSetChildDomain (44ms)
		EndReloadAssembly (1587ms)
			LoadAssemblies (233ms)
			RebuildTransferFunctionScriptingTraits (0ms)
			SetupTypeCache (566ms)
			ReleaseScriptCaches (1ms)
			RebuildScriptCaches (78ms)
			SetupLoadedEditorAssemblies (530ms)
				LogAssemblyErrors (0ms)
				InitializePlatformSupportModulesInManaged (11ms)
				SetLoadedEditorAssemblies (1ms)
				RefreshPlugins (1ms)
				BeforeProcessingInitializeOnLoad (178ms)
				ProcessInitializeOnLoadAttributes (318ms)
				ProcessInitializeOnLoadMethodAttributes (8ms)
				AfterProcessingInitializeOnLoad (13ms)
				EditorAssembliesLoaded (0ms)
			ExecutionOrderSort2 (0ms)
			AwakeInstancesAfterBackupRestoration (13ms)
Platform modules already initialized, skipping
Refreshing native plugins compatible for Editor in 1.12 ms, found 3 plugins.
Preloading 0 native plugins for Editor in 0.00 ms.
Unloading 2075 Unused Serialized files (Serialized files now loaded: 0)
System memory in use before: 98.0 MB.
System memory in use after: 98.1 MB.

Unloading 16 unused Assets to reduce memory usage. Loaded Objects now: 2615.
Total: 5.061600 ms (FindLiveObjects: 0.360900 ms CreateObjectMapping: 0.178300 ms MarkObjects: 4.490100 ms  DeleteObjects: 0.030500 ms)

AssetImportParameters requested are different than current active one (requested -> active):
  custom:framework-win-MediaFoundation: 216162199b28c13a410421893ffa2e32 -> 
  custom:video-decoder-ogg-theora: a1e56fd34408186e4bbccfd4996cb3dc -> 
  custom:container-muxer-webm: aa71ff27fc2769a1b78a27578f13a17b -> 
  custom:container-demuxer-webm: 4f35f7cbe854078d1ac9338744f61a02 -> 
  custom:container-demuxer-ogg: 62fdf1f143b41e24485cea50d1cbac27 -> 
  custom:video-encoder-webm-vp8: eb34c28f22e8b96e1ab97ce403110664 -> 
  custom:video-codec-MediaFoundation-h265: 746d11721c4dcdbdad8f713fa42b33f4 -> 
  custom:video-decoder-webm-vp8: 9c59270c3fd7afecdb556c50c9e8de78 -> 
  custom:audio-decoder-ogg-vorbis: bf7c407c2cedff20999df2af8eb42d56 -> 
  custom:audio-encoder-webm-vorbis: bf7c407c2cedff20999df2af8eb42d56 -> 
========================================================================
Received Import Request.
  Time since last request: 205.284454 seconds.
  path: Assets/New Physics Material 2D.physicsMaterial2D
  artifactKey: Guid(6e7d87b9614e17449bb61bdbd0de6555) Importer(815301076,1909f56bfc062723c751e8b465ee728b)
Start importing Assets/New Physics Material 2D.physicsMaterial2D using Guid(6e7d87b9614e17449bb61bdbd0de6555) Importer(815301076,1909f56bfc062723c751e8b465ee728b)  -> (artifact id: '81c8fdf9edae18c2f916eaf47866ec71') in 0.038449 seconds 
  Import took 0.044925 seconds .

========================================================================
Received Prepare
Registering precompiled user dll's ...
Registered in 0.006150 seconds.
Begin MonoManager ReloadAssembly
Native extension for WindowsStandalone target not found
Refreshing native plugins compatible for Editor in 0.60 ms, found 3 plugins.
Preloading 0 native plugins for Editor in 0.00 ms.
Mono: successfully reloaded assembly
- Completed reload, in  1.274 seconds
Domain Reload Profiling:
	ReloadAssembly (1274ms)
		BeginReloadAssembly (136ms)
			ExecutionOrderSort (0ms)
			DisableScriptedObjects (10ms)
			BackupInstance (0ms)
			ReleaseScriptingObjects (0ms)
			CreateAndSetChildDomain (35ms)
		EndReloadAssembly (1062ms)
			LoadAssemblies (114ms)
			RebuildTransferFunctionScriptingTraits (0ms)
			SetupTypeCache (362ms)
			ReleaseScriptCaches (1ms)
			RebuildScriptCaches (46ms)
			SetupLoadedEditorAssemblies (408ms)
				LogAssemblyErrors (0ms)
				InitializePlatformSupportModulesInManaged (8ms)
				SetLoadedEditorAssemblies (1ms)
				RefreshPlugins (1ms)
				BeforeProcessingInitializeOnLoad (131ms)
				ProcessInitializeOnLoadAttributes (250ms)
				ProcessInitializeOnLoadMethodAttributes (6ms)
				AfterProcessingInitializeOnLoad (12ms)
				EditorAssembliesLoaded (0ms)
			ExecutionOrderSort2 (0ms)
			AwakeInstancesAfterBackupRestoration (13ms)
Platform modules already initialized, skipping
Refreshing native plugins compatible for Editor in 0.45 ms, found 3 plugins.
Preloading 0 native plugins for Editor in 0.00 ms.
Unloading 2075 Unused Serialized files (Serialized files now loaded: 0)
System memory in use before: 98.0 MB.
System memory in use after: 98.1 MB.

Unloading 16 unused Assets to reduce memory usage. Loaded Objects now: 2619.
Total: 2.696900 ms (FindLiveObjects: 0.263400 ms CreateObjectMapping: 0.119300 ms MarkObjects: 2.290200 ms  DeleteObjects: 0.022800 ms)

AssetImportParameters requested are different than current active one (requested -> active):
  custom:framework-win-MediaFoundation: 216162199b28c13a410421893ffa2e32 -> 
  custom:video-decoder-ogg-theora: a1e56fd34408186e4bbccfd4996cb3dc -> 
  custom:container-muxer-webm: aa71ff27fc2769a1b78a27578f13a17b -> 
  custom:container-demuxer-webm: 4f35f7cbe854078d1ac9338744f61a02 -> 
  custom:container-demuxer-ogg: 62fdf1f143b41e24485cea50d1cbac27 -> 
  custom:video-encoder-webm-vp8: eb34c28f22e8b96e1ab97ce403110664 -> 
  custom:video-codec-MediaFoundation-h265: 746d11721c4dcdbdad8f713fa42b33f4 -> 
  custom:video-decoder-webm-vp8: 9c59270c3fd7afecdb556c50c9e8de78 -> 
  custom:audio-decoder-ogg-vorbis: bf7c407c2cedff20999df2af8eb42d56 -> 
  custom:audio-encoder-webm-vorbis: bf7c407c2cedff20999df2af8eb42d56 -> 
========================================================================
Received Prepare
Registering precompiled user dll's ...
Registered in 0.007658 seconds.
Begin MonoManager ReloadAssembly
Native extension for WindowsStandalone target not found
Refreshing native plugins compatible for Editor in 0.60 ms, found 3 plugins.
Preloading 0 native plugins for Editor in 0.00 ms.
Mono: successfully reloaded assembly
- Completed reload, in  1.438 seconds
Domain Reload Profiling:
	ReloadAssembly (1439ms)
		BeginReloadAssembly (138ms)
			ExecutionOrderSort (0ms)
			DisableScriptedObjects (8ms)
			BackupInstance (0ms)
			ReleaseScriptingObjects (0ms)
			CreateAndSetChildDomain (35ms)
		EndReloadAssembly (1216ms)
			LoadAssemblies (126ms)
			RebuildTransferFunctionScriptingTraits (0ms)
			SetupTypeCache (405ms)
			ReleaseScriptCaches (1ms)
			RebuildScriptCaches (64ms)
			SetupLoadedEditorAssemblies (460ms)
				LogAssemblyErrors (0ms)
				InitializePlatformSupportModulesInManaged (8ms)
				SetLoadedEditorAssemblies (1ms)
				RefreshPlugins (1ms)
				BeforeProcessingInitializeOnLoad (146ms)
				ProcessInitializeOnLoadAttributes (280ms)
				ProcessInitializeOnLoadMethodAttributes (9ms)
				AfterProcessingInitializeOnLoad (15ms)
				EditorAssembliesLoaded (0ms)
			ExecutionOrderSort2 (0ms)
			AwakeInstancesAfterBackupRestoration (14ms)
Platform modules already initialized, skipping
Refreshing native plugins compatible for Editor in 0.63 ms, found 3 plugins.
Preloading 0 native plugins for Editor in 0.00 ms.
Unloading 2075 Unused Serialized files (Serialized files now loaded: 0)
System memory in use before: 98.0 MB.
System memory in use after: 98.1 MB.

Unloading 16 unused Assets to reduce memory usage. Loaded Objects now: 2623.
Total: 3.521500 ms (FindLiveObjects: 0.262200 ms CreateObjectMapping: 0.145400 ms MarkObjects: 3.078000 ms  DeleteObjects: 0.034200 ms)

AssetImportParameters requested are different than current active one (requested -> active):
  custom:framework-win-MediaFoundation: 216162199b28c13a410421893ffa2e32 -> 
  custom:video-decoder-ogg-theora: a1e56fd34408186e4bbccfd4996cb3dc -> 
  custom:container-muxer-webm: aa71ff27fc2769a1b78a27578f13a17b -> 
  custom:container-demuxer-webm: 4f35f7cbe854078d1ac9338744f61a02 -> 
  custom:container-demuxer-ogg: 62fdf1f143b41e24485cea50d1cbac27 -> 
  custom:video-encoder-webm-vp8: eb34c28f22e8b96e1ab97ce403110664 -> 
  custom:video-codec-MediaFoundation-h265: 746d11721c4dcdbdad8f713fa42b33f4 -> 
  custom:video-decoder-webm-vp8: 9c59270c3fd7afecdb556c50c9e8de78 -> 
  custom:audio-decoder-ogg-vorbis: bf7c407c2cedff20999df2af8eb42d56 -> 
  custom:audio-encoder-webm-vorbis: bf7c407c2cedff20999df2af8eb42d56 -> 
========================================================================
Received Import Request.
  Time since last request: 163.590447 seconds.
  path: Assets/New Physics Material 2D.physicsMaterial2D
  artifactKey: Guid(6e7d87b9614e17449bb61bdbd0de6555) Importer(815301076,1909f56bfc062723c751e8b465ee728b)
Start importing Assets/New Physics Material 2D.physicsMaterial2D using Guid(6e7d87b9614e17449bb61bdbd0de6555) Importer(815301076,1909f56bfc062723c751e8b465ee728b)  -> (artifact id: '922500df9025430861fab4258fc22f00') in 0.017546 seconds 
  Import took 0.021555 seconds .

AssetImportWorkerClient::OnTransportError - code=2 error=End of file
